{"name": "Отмена заказа такси кнопкой 'Отменить'", "status": "skipped", "statusDetails": {"message": "XFAIL Кнопка 'Отменить' не закрывает попап\n\nAssertionError: assert <selenium.webdriver.remote.webelement.WebElement (session=\"1b4a7864299dd39ca615cbfa77a1f336\", element=\"f.58734C21D8CE3D3B24F5FE859788D084.d.31A7C3F90321E3523202B2E3F3150038.e.98\")> == False\n +  where <selenium.webdriver.remote.webelement.WebElement (session=\"1b4a7864299dd39ca615cbfa77a1f336\", element=\"f.58734C21D8CE3D3B24F5FE859788D084.d.31A7C3F90321E3523202B2E3F3150038.e.98\")> = check_header_order_taxi_popup()\n +    where check_header_order_taxi_popup = <pages.order_taxi_page.OrderTaxiPopup object at 0x00000155FE180890>.check_header_order_taxi_popup\n +      where <pages.order_taxi_page.OrderTaxiPopup object at 0x00000155FE180890> = <pages.order_taxi_page.OrderTaxiPage object at 0x00000155FE182490>.popup", "trace": "self = <tests.test_order_taxi.TestOrderTaxi object at 0x00000155FE1E3CD0>, completed_order_taxi = None\norder_taxi = <pages.order_taxi_page.OrderTaxiPage object at 0x00000155FE182490>\n\n    @pytest.mark.xfail(reason=\"Кнопка 'Отменить' не закрывает попап\", strict=True)\n    @allure.title(\"Отмена заказа такси кнопкой 'Отменить'\")\n    def test_cancel_order_taxi(self, completed_order_taxi, order_taxi):\n        order_taxi.completed.click_cancel_button_in_order_taxi_popup()\n>       assert order_taxi.popup.check_header_order_taxi_popup() == False\nE       assert <selenium.webdriver.remote.webelement.WebElement (session=\"1b4a7864299dd39ca615cbfa77a1f336\", element=\"f.58734C21D8CE3D3B24F5FE859788D084.d.31A7C3F90321E3523202B2E3F3150038.e.98\")> == False\nE        +  where <selenium.webdriver.remote.webelement.WebElement (session=\"1b4a7864299dd39ca615cbfa77a1f336\", element=\"f.58734C21D8CE3D3B24F5FE859788D084.d.31A7C3F90321E3523202B2E3F3150038.e.98\")> = check_header_order_taxi_popup()\nE        +    where check_header_order_taxi_popup = <pages.order_taxi_page.OrderTaxiPopup object at 0x00000155FE180890>.check_header_order_taxi_popup\nE        +      where <pages.order_taxi_page.OrderTaxiPopup object at 0x00000155FE180890> = <pages.order_taxi_page.OrderTaxiPage object at 0x00000155FE182490>.popup\n\ntests\\test_order_taxi.py:97: AssertionError"}, "start": 1756993406806, "stop": 1756993406912, "uuid": "b902ce59-206a-4b59-a5ba-5e3a4b260e2c", "historyId": "90c5991975e095da2219de20d3f6fcfe", "testCaseId": "90c5991975e095da2219de20d3f6fcfe", "fullName": "tests.test_order_taxi.TestOrderTaxi#test_cancel_order_taxi", "labels": [{"name": "parentSuite", "value": "tests"}, {"name": "suite", "value": "test_order_taxi"}, {"name": "subSuite", "value": "TestOrderTaxi"}, {"name": "host", "value": "DESKTOP-KQIHFAT"}, {"name": "thread", "value": "12896-MainThread"}, {"name": "framework", "value": "pytest"}, {"name": "language", "value": "cpython3"}, {"name": "package", "value": "tests.test_order_taxi"}], "titlePath": ["tests", "test_order_taxi.py", "TestOrderTaxi"]}